2023-10-30 16:31:43 INFO  TelegramBot:53 - Replied to user: Александр
2023-10-30 16:38:13 INFO  TelegramBot:53 - Replied to user: Александр
2023-10-30 16:47:10 INFO  TelegramBot:44 - Replied to user: рнг
2023-10-30 18:33:06 INFO  TelegramBot:72 - Replied to user: Александр
2023-10-30 18:33:09 INFO  TelegramBot:62 - Replied to user: /mydata
2023-10-31 01:37:39 INFO  TelegramBot:73 - Replied to user: /mydata
2023-10-31 01:37:39 INFO  TelegramBot:73 - Replied to user: /help
2023-10-31 01:37:49 INFO  TelegramBot:73 - Replied to user: /help
2023-10-31 01:38:25 INFO  TelegramBot:74 - Replied to user: /help
2023-10-31 01:38:38 INFO  TelegramBot:74 - Replied to user: /help
2023-10-31 16:29:45 ERROR TelegramBot:51 - Error setting bot's command list: Unable to execute setMyCommands method
2023-10-31 16:29:45 ERROR BotInitializer:27 - Error occurred:Error removing old webhook
2023-10-31 16:35:46 ERROR TelegramBot:51 - Error setting bot's command list: Unable to execute setMyCommands method
2023-10-31 16:35:46 ERROR BotInitializer:27 - Error occurred:Error removing old webhook
2023-10-31 17:20:12 INFO  TelegramBot:82 - Replied to user: /settings
2023-10-31 17:20:12 INFO  TelegramBot:82 - Replied to user: /mydata
2023-10-31 17:20:30 INFO  TelegramBot:109 - Replied to user: Александр
2023-10-31 17:33:00 INFO  TelegramBot:109 - Replied to user: Александр
2023-11-03 00:36:51 INFO  TelegramBot:122 - Replied to user: Александр
2023-11-03 00:46:04 INFO  TelegramBot:122 - Replied to user: Александр
2023-11-03 00:47:32 INFO  TelegramBot:114 - user saved: User(chatId=5193806268, firstName=Александр, lastName=Билюба, userName=R1ch02, registeredAt=2023-11-03 00:47:32.01)
2023-11-03 00:47:32 INFO  TelegramBot:122 - Replied to user: Александр
2023-11-03 00:52:04 INFO  TelegramBot:114 - user saved: User(chatId=470293084, firstName=Dazai, lastName=null, userName=MaroonMorass, registeredAt=2023-11-03 00:52:04.958)
2023-11-03 00:52:05 INFO  TelegramBot:122 - Replied to user: Dazai
2023-11-03 12:18:42 INFO  TelegramBot:114 - user saved: User(chatId=969204964, firstName=Zhurkin, lastName=Danila, userName=Yoru_clone, registeredAt=2023-11-03 12:18:42.738)
2023-11-03 12:18:42 ERROR TelegramBot:135 - Error occurred: Error executing org.telegram.telegrambots.meta.api.methods.send.SendMessage query: [403] Forbidden: bot was blocked by the user
2023-11-03 12:18:42 INFO  TelegramBot:122 - Replied to user: Zhurkin
